<?xml version="1.0" encoding="UTF-8"?>
<testsuite xmlns:xsi="http://www.w3.org/2001/XMLSchema-instance" xsi:noNamespaceSchemaLocation="https://maven.apache.org/surefire/maven-surefire-plugin/xsd/surefire-test-report.xsd" version="3.0.2" name="com.ialmeida.marketpulse.MarketpulseApplicationTests" time="1.887" tests="1" errors="0" skipped="0" failures="0" flakes="0">
  <properties>
[...]
</properties>
  <testcase name="contextLoads" classname="com.ialmeida.marketpulse.MarketpulseApplicationTests" time="0.395">
    <system-out><![CDATA[16:55:53.101 [main] INFO org.springframework.test.context.support.AnnotationConfigContextLoaderUtils -- Could not detect default configuration classes for test class [com.ialmeida.marketpulse.MarketpulseApplicationTests]: MarketpulseApplicationTests does not declare any static, non-private, non-final, nested classes annotated with @Configuration.
16:55:53.157 [main] INFO org.springframework.boot.test.context.SpringBootTestContextBootstrapper -- Found @SpringBootConfiguration com.ialmeida.marketpulse.MarketpulseApplication for test class com.ialmeida.marketpulse.MarketpulseApplicationTests
16:55:53.207 [main] INFO org.springframework.test.context.support.AnnotationConfigContextLoaderUtils -- Could not detect default configuration classes for test class [com.ialmeida.marketpulse.MarketpulseApplicationTests]: MarketpulseApplicationTests does not declare any static, non-private, non-final, nested classes annotated with @Configuration.
16:55:53.208 [main] INFO org.springframework.boot.test.context.SpringBootTestContextBootstrapper -- Found @SpringBootConfiguration com.ialmeida.marketpulse.MarketpulseApplication for test class com.ialmeida.marketpulse.MarketpulseApplicationTests
16:55:53.252 [main] INFO org.springframework.boot.devtools.restart.RestartApplicationListener -- Restart disabled due to context in which it is running

  .   ____          _            __ _ _
 /\\ / ___'_ __ _ _(_)_ __  __ _ \ \ \ \
( ( )\___ | '_ | '_| | '_ \/ _` | \ \ \ \
 \\/  ___)| |_)| | | | | || (_| |  ) ) ) )
  '  |____| .__|_| |_|_| |_\__, | / / / /
 =========|_|==============|___/=/_/_/_/

 :: Spring Boot ::                (v4.1.0)

2026-08-09T16:55:53.405+01:00  INFO 13565 --- [marketpulse] [           main] c.i.m.MarketpulseApplicationTests        : Starting MarketpulseApplicationTests using Java 21 with PID 13565 (started by ialmeida in /home/ialmeida/dev/marketpulse)
2026-08-09T16:55:53.406+01:00  INFO 13565 --- [marketpulse] [           main] c.i.m.MarketpulseApplicationTests        : No active profile set, falling back to 1 default profile: "default"
2026-08-09T16:55:54.363+01:00  INFO 13565 --- [marketpulse] [           main] o.s.b.a.e.web.EndpointLinksResolver      : Exposing 1 endpoint beneath base path '/actuator'
2026-08-09T16:55:54.398+01:00  INFO 13565 --- [marketpulse] [           main] c.i.m.MarketpulseApplicationTests        : Started MarketpulseApplicationTests in 1.153 seconds (process running for 1.759)
]]></system-out>
    <system-err><![CDATA[Mockito is currently self-attaching to enable the inline-mock-maker. This will no longer work in future releases of the JDK. Please add Mockito as an agent to your build as described in Mockito's documentation: https://javadoc.io/doc/org.mockito/mockito-core/latest/org.mockito/org/mockito/Mockito.html#0.3
WARNING: A Java agent has been loaded dynamically (/home/ialmeida/.m2/repository/net/bytebuddy/byte-buddy-agent/1.18.10/byte-buddy-agent-1.18.10.jar)
WARNING: If a serviceability tool is in use, please run with -XX:+EnableDynamicAgentLoading to hide this warning
WARNING: If a serviceability tool is not in use, please run with -Djdk.instrument.traceUsage for more information
WARNING: Dynamic loading of agents will be disallowed by default in a future release
]]></system-err>
  </testcase>
</testsuite>